2025-11-27 21:06:00 INFO  HomePageTestCases:93 - verifyUserIsAbleToIncreaseCartPrice : passed
2025-11-27 21:21:20 INFO  CartPageTestCases:49 - public void TestPages.CartPageTestCases.verifyItemQuantityIncreasingWhileAddingSameItem(java.lang.reflect.Method) : Passed
2025-11-27 21:27:45 INFO  CartPageTestCases:49 - public void TestPages.CartPageTestCases.verifyItemQuantityIncreasingWhileAddingSameItem(java.lang.reflect.Method) : Passed
2025-12-14 22:42:00 INFO  HomePageTestCases:58 - verifyItemNumberIsIncreasingWhileAddingMultipleItems : passed
2026-01-11 19:09:40 INFO  HomePageTestCases:59 - verifyItemNumberIsIncreasingWhileAddingMultipleItems : passed
2026-01-11 19:20:50 INFO  HomePageTestCases:59 - verifyItemNumberIsIncreasingWhileAddingMultipleItems : passed
2026-01-11 19:20:56 INFO  HomePageTestCases:78 - verifyItemNumberIsNotIncreasingWhileAddingSameItem : passed
2026-01-11 19:20:59 INFO  HomePageTestCases:41 - verifyItemNumberIsUpdatingWhileAddingDifferentProductsToCart : passed
2026-01-11 19:21:02 INFO  HomePageTestCases:41 - verifyItemNumberIsUpdatingWhileAddingDifferentProductsToCart : passed
2026-01-11 19:21:04 INFO  HomePageTestCases:41 - verifyItemNumberIsUpdatingWhileAddingDifferentProductsToCart : passed
2026-01-11 19:21:06 INFO  HomePageTestCases:96 - verifyUserIsAbleToIncreaseCartPrice : passed
2026-01-11 19:21:07 INFO  HomePageTestCases:132 - verifyUserIsAbleToSearchItem : passed
2026-01-11 19:21:10 INFO  HomePageTestCases:115 - verifyUserIsNotAbleToDecreaseDefaultQuantityInQuantityBox : passed
2026-01-11 19:40:57 INFO  HomePageTestCases:59 - verifyItemNumberIsIncreasingWhileAddingMultipleItems : passed
2026-01-11 22:16:59 INFO  HomePageTestCases:57 - verifyItemNumberIsIncreasingWhileAddingMultipleItems : passed
2026-01-11 22:17:07 INFO  HomePageTestCases:76 - verifyItemNumberIsNotIncreasingWhileAddingSameItem : passed
2026-01-11 22:17:10 INFO  HomePageTestCases:39 - verifyItemNumberIsUpdatingWhileAddingDifferentProductsToCart : passed
2026-01-11 22:17:14 INFO  HomePageTestCases:39 - verifyItemNumberIsUpdatingWhileAddingDifferentProductsToCart : passed
2026-01-11 22:17:18 INFO  HomePageTestCases:39 - verifyItemNumberIsUpdatingWhileAddingDifferentProductsToCart : passed
2026-01-11 22:17:22 INFO  HomePageTestCases:94 - verifyUserIsAbleToIncreaseCartPrice : passed
2026-01-11 22:17:25 INFO  HomePageTestCases:130 - verifyUserIsAbleToSearchItem : passed
2026-01-11 22:17:30 INFO  HomePageTestCases:113 - verifyUserIsNotAbleToDecreaseDefaultQuantityInQuantityBox : passed
2026-01-17 11:32:19 INFO  HomePageTestCases:76 - verifyItemNumberIsNotIncreasingWhileAddingSameItem : passed
2026-01-17 11:48:28 INFO  HomePageTestCases:57 - verifyItemNumberIsIncreasingWhileAddingMultipleItems : passed
2026-01-17 11:48:35 INFO  HomePageTestCases:76 - verifyItemNumberIsNotIncreasingWhileAddingSameItem : passed
2026-01-17 11:48:39 INFO  HomePageTestCases:39 - verifyItemNumberIsUpdatingWhileAddingDifferentProductsToCart : passed
2026-01-17 11:48:43 INFO  HomePageTestCases:39 - verifyItemNumberIsUpdatingWhileAddingDifferentProductsToCart : passed
2026-01-17 11:48:48 INFO  HomePageTestCases:39 - verifyItemNumberIsUpdatingWhileAddingDifferentProductsToCart : passed
2026-01-17 11:48:52 INFO  HomePageTestCases:94 - verifyUserIsAbleToIncreaseCartPrice : passed
2026-01-17 11:48:55 INFO  HomePageTestCases:130 - verifyUserIsAbleToSearchItem : passed
2026-01-17 11:48:59 INFO  HomePageTestCases:113 - verifyUserIsNotAbleToDecreaseDefaultQuantityInQuantityBox : passed
2026-01-17 12:21:26 INFO  HomePageTestCases:57 - verifyItemNumberIsIncreasingWhileAddingMultipleItems : passed
2026-01-17 12:21:35 INFO  HomePageTestCases:76 - verifyItemNumberIsNotIncreasingWhileAddingSameItem : passed
2026-01-17 12:21:43 INFO  HomePageTestCases:39 - verifyItemNumberIsUpdatingWhileAddingDifferentProductsToCart : passed
2026-01-17 12:21:48 INFO  HomePageTestCases:39 - verifyItemNumberIsUpdatingWhileAddingDifferentProductsToCart : passed
2026-01-17 12:21:53 INFO  HomePageTestCases:39 - verifyItemNumberIsUpdatingWhileAddingDifferentProductsToCart : passed
2026-01-17 12:21:59 INFO  HomePageTestCases:94 - verifyUserIsAbleToIncreaseCartPrice : passed
2026-01-17 12:22:04 INFO  HomePageTestCases:130 - verifyUserIsAbleToSearchItem : passed
2026-01-17 12:22:10 INFO  HomePageTestCases:113 - verifyUserIsNotAbleToDecreaseDefaultQuantityInQuantityBox : passed
2026-01-17 12:43:31 INFO  HomePageTestCases:76 - verifyItemNumberIsNotIncreasingWhileAddingSameItem : passed
2026-01-17 12:43:36 INFO  HomePageTestCases:94 - verifyUserIsAbleToIncreaseCartPrice : passed
2026-01-17 12:43:41 INFO  HomePageTestCases:113 - verifyUserIsNotAbleToDecreaseDefaultQuantityInQuantityBox : passed
2026-01-17 12:44:53 INFO  HomePageTestCases:76 - verifyItemNumberIsNotIncreasingWhileAddingSameItem : passed
2026-01-17 12:44:59 INFO  HomePageTestCases:94 - verifyUserIsAbleToIncreaseCartPrice : passed
2026-01-17 12:45:05 INFO  HomePageTestCases:113 - verifyUserIsNotAbleToDecreaseDefaultQuantityInQuantityBox : passed
